<?xml version="1.0" encoding="UTF-8"?>
<!-- Generated by org.testng.reporters.JUnitReportReporter -->
<testsuite hostname="DESKTOP-7I5KSV2" failures="0" tests="5" name="TestNGNnew.DataProviderRead" time="28.025" errors="1" timestamp="2023-01-06T21:55:29 IST" skipped="4">
  <testcase classname="TestNGNnew.DataProviderRead" name="method1" time="0.000">
    <skipped/>
  </testcase> <!-- method1 -->
  <system-out/>
  <testcase classname="TestNGNnew.DataProviderRead" name="method1" time="0.000">
    <skipped/>
  </testcase> <!-- method1 -->
  <system-out/>
  <testcase classname="TestNGNnew.DataProviderRead" name="init" time="28.025">
    <error message="disconnected: received Inspector.detached event
  (failed to check if window was closed: disconnected: unable to connect to renderer)
  (Session info: chrome=108.0.5359.125)
Build info: version: &#039;3.141.59&#039;, revision: &#039;e82be7d358&#039;, time: &#039;2018-11-14T08:25:48&#039;
System info: host: &#039;DESKTOP-7I5KSV2&#039;, ip: &#039;192.168.0.163&#039;, os.name: &#039;Windows 10&#039;, os.arch: &#039;amd64&#039;, os.version: &#039;10.0&#039;, java.version: &#039;17.0.3&#039;
Driver info: driver.version: ChromeDriver
remote stacktrace: Backtrace:
	(No symbol) [0x002DF243]
	(No symbol) [0x00267FD1]
	(No symbol) [0x0015D04D]
	(No symbol) [0x00150A79]
	(No symbol) [0x001506F1]
	(No symbol) [0x0014FB0B]
	(No symbol) [0x0014FA5C]
	(No symbol) [0x0014E7E8]
	(No symbol) [0x0014EDC2]
	(No symbol) [0x0014DC55]
	(No symbol) [0x0015899C]
	(No symbol) [0x0014D735]
	(No symbol) [0x0014F703]
	(No symbol) [0x0014E7E8]
	(No symbol) [0x0014EDC2]
	(No symbol) [0x0014DC55]
	(No symbol) [0x00156493]
	(No symbol) [0x0014D735]
	(No symbol) [0x0014F703]
	(No symbol) [0x0014E7E8]
	(No symbol) [0x0014EDC2]
	(No symbol) [0x0014DC55]
	(No symbol) [0x00154072]
	(No symbol) [0x0014D735]
	(No symbol) [0x0014F703]
	(No symbol) [0x0014E7E8]
	(No symbol) [0x0014EDC2]
	(No symbol) [0x0014DC55]
	(No symbol) [0x00147E66]
	(No symbol) [0x0014D735]
	(No symbol) [0x0014CEE0]
	(No symbol) [0x0014CB37]
	(No symbol) [0x0015E5F3]
	(No symbol) [0x001420A7]
	(No symbol) [0x0014127B]
	(No symbol) [0x001AF1FF]
	(No symbol) [0x001AEB2A]
	(No symbol) [0x001A8386]
	(No symbol) [0x0018163C]
	(No symbol) [0x0018269D]
	GetHandleVerifier [0x00579A22+2655074]
	GetHandleVerifier [0x0056CA24+2601828]
	GetHandleVerifier [0x00388C0A+619850]
	GetHandleVerifier [0x00387830+614768]
	(No symbol) [0x002705FC]
	(No symbol) [0x00275968]
	(No symbol) [0x00275A55]
	(No symbol) [0x0028051B]
	BaseThreadInitThunk [0x76EA00F9+25]
	RtlGetAppContainerNamedObjectPath [0x77CE7BBE+286]
	RtlGetAppContainerNamedObjectPath [0x77CE7B8E+238]
	(No symbol) [0x00000000]
" type="org.openqa.selenium.WebDriverException">
      <![CDATA[org.openqa.selenium.WebDriverException: disconnected: received Inspector.detached event
  (failed to check if window was closed: disconnected: unable to connect to renderer)
  (Session info: chrome=108.0.5359.125)
Build info: version: '3.141.59', revision: 'e82be7d358', time: '2018-11-14T08:25:48'
System info: host: 'DESKTOP-7I5KSV2', ip: '192.168.0.163', os.name: 'Windows 10', os.arch: 'amd64', os.version: '10.0', java.version: '17.0.3'
Driver info: driver.version: ChromeDriver
remote stacktrace: Backtrace:
(No symbol) [0x002DF243]
(No symbol) [0x00267FD1]
(No symbol) [0x0015D04D]
(No symbol) [0x00150A79]
(No symbol) [0x001506F1]
(No symbol) [0x0014FB0B]
(No symbol) [0x0014FA5C]
(No symbol) [0x0014E7E8]
(No symbol) [0x0014EDC2]
(No symbol) [0x0014DC55]
(No symbol) [0x0015899C]
(No symbol) [0x0014D735]
(No symbol) [0x0014F703]
(No symbol) [0x0014E7E8]
(No symbol) [0x0014EDC2]
(No symbol) [0x0014DC55]
(No symbol) [0x00156493]
(No symbol) [0x0014D735]
(No symbol) [0x0014F703]
(No symbol) [0x0014E7E8]
(No symbol) [0x0014EDC2]
(No symbol) [0x0014DC55]
(No symbol) [0x00154072]
(No symbol) [0x0014D735]
(No symbol) [0x0014F703]
(No symbol) [0x0014E7E8]
(No symbol) [0x0014EDC2]
(No symbol) [0x0014DC55]
(No symbol) [0x00147E66]
(No symbol) [0x0014D735]
(No symbol) [0x0014CEE0]
(No symbol) [0x0014CB37]
(No symbol) [0x0015E5F3]
(No symbol) [0x001420A7]
(No symbol) [0x0014127B]
(No symbol) [0x001AF1FF]
(No symbol) [0x001AEB2A]
(No symbol) [0x001A8386]
(No symbol) [0x0018163C]
(No symbol) [0x0018269D]
GetHandleVerifier [0x00579A22+2655074]
GetHandleVerifier [0x0056CA24+2601828]
GetHandleVerifier [0x00388C0A+619850]
GetHandleVerifier [0x00387830+614768]
(No symbol) [0x002705FC]
(No symbol) [0x00275968]
(No symbol) [0x00275A55]
(No symbol) [0x0028051B]
BaseThreadInitThunk [0x76EA00F9+25]
RtlGetAppContainerNamedObjectPath [0x77CE7BBE+286]
RtlGetAppContainerNamedObjectPath [0x77CE7B8E+238]
(No symbol) [0x00000000]

at java.base/jdk.internal.reflect.NativeConstructorAccessorImpl.newInstance0(Native Method)
at java.base/jdk.internal.reflect.NativeConstructorAccessorImpl.newInstance(NativeConstructorAccessorImpl.java:77)
at java.base/jdk.internal.reflect.DelegatingConstructorAccessorImpl.newInstance(DelegatingConstructorAccessorImpl.java:45)
at java.base/java.lang.reflect.Constructor.newInstanceWithCaller(Constructor.java:499)
at java.base/java.lang.reflect.Constructor.newInstance(Constructor.java:480)
at org.openqa.selenium.remote.W3CHandshakeResponse.lambda$errorHandler$0(W3CHandshakeResponse.java:62)
at org.openqa.selenium.remote.HandshakeResponse.lambda$getResponseFunction$0(HandshakeResponse.java:30)
at org.openqa.selenium.remote.ProtocolHandshake.lambda$createSession$0(ProtocolHandshake.java:126)
at java.base/java.util.stream.ReferencePipeline$3$1.accept(ReferencePipeline.java:197)
at java.base/java.util.Spliterators$ArraySpliterator.tryAdvance(Spliterators.java:1002)
at java.base/java.util.stream.ReferencePipeline.forEachWithCancel(ReferencePipeline.java:129)
at java.base/java.util.stream.AbstractPipeline.copyIntoWithCancel(AbstractPipeline.java:527)
at java.base/java.util.stream.AbstractPipeline.copyInto(AbstractPipeline.java:513)
at java.base/java.util.stream.AbstractPipeline.wrapAndCopyInto(AbstractPipeline.java:499)
at java.base/java.util.stream.FindOps$FindOp.evaluateSequential(FindOps.java:150)
at java.base/java.util.stream.AbstractPipeline.evaluate(AbstractPipeline.java:234)
at java.base/java.util.stream.ReferencePipeline.findFirst(ReferencePipeline.java:647)
at org.openqa.selenium.remote.ProtocolHandshake.createSession(ProtocolHandshake.java:128)
at org.openqa.selenium.remote.ProtocolHandshake.createSession(ProtocolHandshake.java:74)
at org.openqa.selenium.remote.HttpCommandExecutor.execute(HttpCommandExecutor.java:136)
at org.openqa.selenium.remote.service.DriverCommandExecutor.execute(DriverCommandExecutor.java:83)
at org.openqa.selenium.remote.RemoteWebDriver.execute(RemoteWebDriver.java:552)
at org.openqa.selenium.remote.RemoteWebDriver.startSession(RemoteWebDriver.java:213)
at org.openqa.selenium.remote.RemoteWebDriver.<init>(RemoteWebDriver.java:131)
at org.openqa.selenium.chrome.ChromeDriver.<init>(ChromeDriver.java:181)
at org.openqa.selenium.chrome.ChromeDriver.<init>(ChromeDriver.java:168)
at org.openqa.selenium.chrome.ChromeDriver.<init>(ChromeDriver.java:123)
at TestNGNnew.DataProviderRead.init(DataProviderRead.java:18)
at java.base/jdk.internal.reflect.NativeMethodAccessorImpl.invoke0(Native Method)
at java.base/jdk.internal.reflect.NativeMethodAccessorImpl.invoke(NativeMethodAccessorImpl.java:77)
at java.base/jdk.internal.reflect.DelegatingMethodAccessorImpl.invoke(DelegatingMethodAccessorImpl.java:43)
at java.base/java.lang.reflect.Method.invoke(Method.java:568)
at org.testng.internal.MethodInvocationHelper.invokeMethod(MethodInvocationHelper.java:133)
at org.testng.internal.MethodInvocationHelper.invokeMethodConsideringTimeout(MethodInvocationHelper.java:62)
at org.testng.internal.ConfigInvoker.invokeConfigurationMethod(ConfigInvoker.java:385)
at org.testng.internal.ConfigInvoker.invokeConfigurations(ConfigInvoker.java:321)
at org.testng.SuiteRunner.privateRun(SuiteRunner.java:317)
at org.testng.SuiteRunner.run(SuiteRunner.java:276)
at org.testng.SuiteRunnerWorker.runSuite(SuiteRunnerWorker.java:53)
at org.testng.SuiteRunnerWorker.run(SuiteRunnerWorker.java:96)
at org.testng.TestNG.runSuitesSequentially(TestNG.java:1212)
at org.testng.TestNG.runSuitesLocally(TestNG.java:1134)
at org.testng.TestNG.runSuites(TestNG.java:1063)
at org.testng.TestNG.run(TestNG.java:1031)
at org.testng.remote.AbstractRemoteTestNG.run(AbstractRemoteTestNG.java:115)
at org.testng.remote.RemoteTestNG.initAndRun(RemoteTestNG.java:251)
at org.testng.remote.RemoteTestNG.main(RemoteTestNG.java:77)
]]>
    </error>
  </testcase> <!-- init -->
  <system-out/>
  <testcase classname="TestNGNnew.DataProviderRead" name="method1" time="0.000">
    <skipped/>
  </testcase> <!-- method1 -->
  <system-out/>
  <testcase classname="TestNGNnew.DataProviderRead" name="method1" time="0.000">
    <skipped/>
  </testcase> <!-- method1 -->
  <system-out/>
</testsuite> <!-- TestNGNnew.DataProviderRead -->
